0    [main] INFO  org.eclipse.jetty.server.Server  – jetty-8.1.10.v20130312
33   [main] INFO  org.eclipse.jetty.deploy.providers.ScanningAppProvider  – Deployment monitor /Users/bvedula/workspace2/test_stash/jetty/contexts at interval 0
38   [main] INFO  org.eclipse.jetty.deploy.DeploymentManager  – Deployable added: /Users/bvedula/workspace2/test_stash/jetty/contexts/solr.xml
144  [main] INFO  org.eclipse.jetty.webapp.WebInfConfiguration  – Extract jar:file:/Users/bvedula/workspace2/test_stash/jetty/webapps/solr.war!/ to /Users/bvedula/workspace2/test_stash/jetty/solr-webapp/webapp
3133 [main] INFO  org.eclipse.jetty.webapp.StandardDescriptorProcessor  – NO JSP Support for /solr, did not find org.apache.jasper.servlet.JspServlet
3203 [main] INFO  org.apache.solr.servlet.SolrDispatchFilter  – SolrDispatchFilter.init()
3218 [main] INFO  org.apache.solr.core.SolrResourceLoader  – JNDI not configured for solr (NoInitialContextEx)
3218 [main] INFO  org.apache.solr.core.SolrResourceLoader  – using system property solr.solr.home: /Users/bvedula/workspace2/test_stash/jetty/solr
3219 [main] INFO  org.apache.solr.core.SolrResourceLoader  – new SolrResourceLoader for directory: '/Users/bvedula/workspace2/test_stash/jetty/solr/'
3232 [main] INFO  org.apache.solr.core.SolrResourceLoader  – Adding 'file:/Users/bvedula/workspace2/test_stash/jetty/solr/lib/contrib/' to classloader
3233 [main] INFO  org.apache.solr.core.SolrResourceLoader  – Adding 'file:/Users/bvedula/workspace2/test_stash/jetty/solr/lib/solr-analysis-extras-4.10.3.jar' to classloader
3234 [main] INFO  org.apache.solr.core.SolrResourceLoader  – Adding 'file:/Users/bvedula/workspace2/test_stash/jetty/solr/lib/solr-clustering-4.10.3.jar' to classloader
3235 [main] INFO  org.apache.solr.core.SolrResourceLoader  – Adding 'file:/Users/bvedula/workspace2/test_stash/jetty/solr/lib/solr-langid-4.10.3.jar' to classloader
3369 [main] INFO  org.apache.solr.core.ConfigSolr  – Loading container configuration from /Users/bvedula/workspace2/test_stash/jetty/solr/solr.xml
3450 [main] INFO  org.apache.solr.core.CoresLocator  – Config-defined core root directory: /Users/bvedula/workspace2/test_stash/jetty/solr
3475 [main] INFO  org.apache.solr.core.CoreContainer  – New CoreContainer 1292838001
3477 [main] INFO  org.apache.solr.core.CoreContainer  – Loading cores into CoreContainer [instanceDir=/Users/bvedula/workspace2/test_stash/jetty/solr/]
3478 [main] INFO  org.apache.solr.core.CoreContainer  – loading shared library: /Users/bvedula/workspace2/test_stash/jetty/solr/lib
3478 [main] INFO  org.apache.solr.core.SolrResourceLoader  – Adding 'file:/Users/bvedula/workspace2/test_stash/jetty/solr/lib/contrib/' to classloader
3478 [main] INFO  org.apache.solr.core.SolrResourceLoader  – Adding 'file:/Users/bvedula/workspace2/test_stash/jetty/solr/lib/solr-analysis-extras-4.10.3.jar' to classloader
3479 [main] INFO  org.apache.solr.core.SolrResourceLoader  – Adding 'file:/Users/bvedula/workspace2/test_stash/jetty/solr/lib/solr-clustering-4.10.3.jar' to classloader
3479 [main] INFO  org.apache.solr.core.SolrResourceLoader  – Adding 'file:/Users/bvedula/workspace2/test_stash/jetty/solr/lib/solr-langid-4.10.3.jar' to classloader
3498 [main] INFO  org.apache.solr.handler.component.HttpShardHandlerFactory  – Setting socketTimeout to: 0
3499 [main] INFO  org.apache.solr.handler.component.HttpShardHandlerFactory  – Setting urlScheme to: null
3505 [main] INFO  org.apache.solr.handler.component.HttpShardHandlerFactory  – Setting connTimeout to: 0
3506 [main] INFO  org.apache.solr.handler.component.HttpShardHandlerFactory  – Setting maxConnectionsPerHost to: 20
3506 [main] INFO  org.apache.solr.handler.component.HttpShardHandlerFactory  – Setting corePoolSize to: 0
3509 [main] INFO  org.apache.solr.handler.component.HttpShardHandlerFactory  – Setting maximumPoolSize to: 2147483647
3510 [main] INFO  org.apache.solr.handler.component.HttpShardHandlerFactory  – Setting maxThreadIdleTime to: 5
3510 [main] INFO  org.apache.solr.handler.component.HttpShardHandlerFactory  – Setting sizeOfQueue to: -1
3511 [main] INFO  org.apache.solr.handler.component.HttpShardHandlerFactory  – Setting fairnessPolicy to: false
3635 [main] INFO  org.apache.solr.update.UpdateShardHandler  – Creating UpdateShardHandler HTTP client with params: socketTimeout=0&connTimeout=0&retry=false
3636 [main] INFO  org.apache.solr.logging.LogWatcher  – SLF4J impl is org.slf4j.impl.Log4jLoggerFactory
3637 [main] INFO  org.apache.solr.logging.LogWatcher  – Registering Log Listener [Log4j (org.slf4j.impl.Log4jLoggerFactory)]
3638 [main] INFO  org.apache.solr.core.CoreContainer  – Host Name: 
3710 [main] INFO  org.apache.solr.core.CoresLocator  – Looking for core definitions underneath /Users/bvedula/workspace2/test_stash/jetty/solr
3734 [main] INFO  org.apache.solr.core.CoresLocator  – Found core blacklight-core in /Users/bvedula/workspace2/test_stash/jetty/solr/blacklight-core/
3746 [main] INFO  org.apache.solr.core.CoresLocator  – Found 1 core definitions
3748 [coreLoadExecutor-5-thread-1] INFO  org.apache.solr.core.SolrResourceLoader  – new SolrResourceLoader for directory: '/Users/bvedula/workspace2/test_stash/jetty/solr/blacklight-core/'
3788 [coreLoadExecutor-5-thread-1] INFO  org.apache.solr.core.SolrConfig  – Adding specified lib dirs to ClassLoader
3789 [coreLoadExecutor-5-thread-1] INFO  org.apache.solr.core.SolrResourceLoader  – Adding 'file:/Users/bvedula/workspace2/test_stash/jetty/solr/lib/contrib/analysis-extras/lib/icu4j-53.1.jar' to classloader
3789 [coreLoadExecutor-5-thread-1] INFO  org.apache.solr.core.SolrResourceLoader  – Adding 'file:/Users/bvedula/workspace2/test_stash/jetty/solr/lib/contrib/analysis-extras/lib/morfologik-fsa-1.7.1.jar' to classloader
3789 [coreLoadExecutor-5-thread-1] INFO  org.apache.solr.core.SolrResourceLoader  – Adding 'file:/Users/bvedula/workspace2/test_stash/jetty/solr/lib/contrib/analysis-extras/lib/morfologik-polish-1.7.1.jar' to classloader
3789 [coreLoadExecutor-5-thread-1] INFO  org.apache.solr.core.SolrResourceLoader  – Adding 'file:/Users/bvedula/workspace2/test_stash/jetty/solr/lib/contrib/analysis-extras/lib/morfologik-stemming-1.7.1.jar' to classloader
3789 [coreLoadExecutor-5-thread-1] INFO  org.apache.solr.core.SolrResourceLoader  – Adding 'file:/Users/bvedula/workspace2/test_stash/jetty/solr/lib/contrib/analysis-extras/lucene-libs/lucene-analyzers-icu-4.10.3.jar' to classloader
3790 [coreLoadExecutor-5-thread-1] INFO  org.apache.solr.core.SolrResourceLoader  – Adding 'file:/Users/bvedula/workspace2/test_stash/jetty/solr/lib/contrib/analysis-extras/lucene-libs/lucene-analyzers-morfologik-4.10.3.jar' to classloader
3790 [coreLoadExecutor-5-thread-1] INFO  org.apache.solr.core.SolrResourceLoader  – Adding 'file:/Users/bvedula/workspace2/test_stash/jetty/solr/lib/contrib/analysis-extras/lucene-libs/lucene-analyzers-smartcn-4.10.3.jar' to classloader
3790 [coreLoadExecutor-5-thread-1] INFO  org.apache.solr.core.SolrResourceLoader  – Adding 'file:/Users/bvedula/workspace2/test_stash/jetty/solr/lib/contrib/analysis-extras/lucene-libs/lucene-analyzers-stempel-4.10.3.jar' to classloader
3902 [coreLoadExecutor-5-thread-1] INFO  org.apache.solr.core.SolrConfig  – Using Lucene MatchVersion: 4.0.0
3997 [coreLoadExecutor-5-thread-1] INFO  org.apache.solr.core.Config  – Loaded SolrConfig: solrconfig.xml
4005 [coreLoadExecutor-5-thread-1] INFO  org.apache.solr.schema.IndexSchema  – Reading Solr Schema from /Users/bvedula/workspace2/test_stash/jetty/solr/blacklight-core/conf/schema.xml
4072 [coreLoadExecutor-5-thread-1] INFO  org.apache.solr.schema.IndexSchema  – [blacklight-core] Schema name=Blacklight Demo Index
4149 [coreLoadExecutor-5-thread-1] WARN  org.apache.solr.core.SolrResourceLoader  – Solr loaded a deprecated plugin/analysis class [solr.IntField]. Please consult documentation how to replace it accordingly.
4153 [coreLoadExecutor-5-thread-1] WARN  org.apache.solr.core.SolrResourceLoader  – Solr loaded a deprecated plugin/analysis class [solr.LongField]. Please consult documentation how to replace it accordingly.
4158 [coreLoadExecutor-5-thread-1] WARN  org.apache.solr.core.SolrResourceLoader  – Solr loaded a deprecated plugin/analysis class [solr.FloatField]. Please consult documentation how to replace it accordingly.
4162 [coreLoadExecutor-5-thread-1] WARN  org.apache.solr.core.SolrResourceLoader  – Solr loaded a deprecated plugin/analysis class [solr.DoubleField]. Please consult documentation how to replace it accordingly.
4166 [coreLoadExecutor-5-thread-1] WARN  org.apache.solr.core.SolrResourceLoader  – Solr loaded a deprecated plugin/analysis class [solr.DateField]. Please consult documentation how to replace it accordingly.
4297 [coreLoadExecutor-5-thread-1] INFO  org.apache.solr.schema.IndexSchema  – default search field in schema is text
4298 [coreLoadExecutor-5-thread-1] INFO  org.apache.solr.schema.IndexSchema  – query parser default operator is OR
4299 [coreLoadExecutor-5-thread-1] INFO  org.apache.solr.schema.IndexSchema  – unique key field: id
4417 [coreLoadExecutor-5-thread-1] INFO  org.apache.solr.core.CoreContainer  – Creating SolrCore 'blacklight-core' using configuration from instancedir /Users/bvedula/workspace2/test_stash/jetty/solr/blacklight-core/
4436 [coreLoadExecutor-5-thread-1] INFO  org.apache.solr.core.SolrCore  – solr.StandardDirectoryFactory
4444 [coreLoadExecutor-5-thread-1] INFO  org.apache.solr.core.SolrCore  – [blacklight-core] Opening new SolrCore at /Users/bvedula/workspace2/test_stash/jetty/solr/blacklight-core/, dataDir=/Users/bvedula/workspace2/test_stash/jetty/solr/blacklight-core/data/
4444 [coreLoadExecutor-5-thread-1] INFO  org.apache.solr.core.SolrCore  – JMX monitoring not detected for core: blacklight-core
4456 [coreLoadExecutor-5-thread-1] INFO  org.apache.solr.core.CachingDirectoryFactory  – return new directory for /Users/bvedula/workspace2/test_stash/jetty/solr/blacklight-core/data
4462 [coreLoadExecutor-5-thread-1] INFO  org.apache.solr.core.SolrCore  – New index directory detected: old=null new=/Users/bvedula/workspace2/test_stash/jetty/solr/blacklight-core/data/index/
4463 [coreLoadExecutor-5-thread-1] WARN  org.apache.solr.core.SolrCore  – [blacklight-core] Solr index directory '/Users/bvedula/workspace2/test_stash/jetty/solr/blacklight-core/data/index' doesn't exist. Creating new index...
4473 [coreLoadExecutor-5-thread-1] INFO  org.apache.solr.core.CachingDirectoryFactory  – return new directory for /Users/bvedula/workspace2/test_stash/jetty/solr/blacklight-core/data/index
4540 [coreLoadExecutor-5-thread-1] INFO  org.apache.solr.core.SolrCore  – SolrDeletionPolicy.onCommit: commits: num=1
	commit{dir=/Users/bvedula/workspace2/test_stash/jetty/solr/blacklight-core/data/index,segFN=segments_1,generation=1}
4541 [coreLoadExecutor-5-thread-1] INFO  org.apache.solr.core.SolrCore  – newest commit generation = 1
4653 [coreLoadExecutor-5-thread-1] INFO  org.apache.solr.core.SolrCore  – no updateRequestProcessorChain defined as default, creating implicit default
4659 [coreLoadExecutor-5-thread-1] INFO  org.apache.solr.core.RequestHandlers  – created /update: org.apache.solr.handler.UpdateRequestHandler
4659 [coreLoadExecutor-5-thread-1] INFO  org.apache.solr.core.RequestHandlers  – created /update/json: org.apache.solr.handler.UpdateRequestHandler
4659 [coreLoadExecutor-5-thread-1] INFO  org.apache.solr.core.RequestHandlers  – created /update/csv: org.apache.solr.handler.UpdateRequestHandler
4660 [coreLoadExecutor-5-thread-1] INFO  org.apache.solr.core.RequestHandlers  – created /update/json/docs: org.apache.solr.handler.UpdateRequestHandler
4660 [coreLoadExecutor-5-thread-1] INFO  org.apache.solr.core.RequestHandlers  – adding lazy requestHandler: solr.ReplicationHandler
4660 [coreLoadExecutor-5-thread-1] INFO  org.apache.solr.core.RequestHandlers  – created /replication: solr.ReplicationHandler
4663 [coreLoadExecutor-5-thread-1] INFO  org.apache.solr.core.RequestHandlers  – created standard: solr.StandardRequestHandler
4663 [coreLoadExecutor-5-thread-1] INFO  org.apache.solr.core.RequestHandlers  – adding lazy requestHandler: solr.FieldAnalysisRequestHandler
4663 [coreLoadExecutor-5-thread-1] INFO  org.apache.solr.core.RequestHandlers  – created /analysis/field: solr.FieldAnalysisRequestHandler
4665 [coreLoadExecutor-5-thread-1] WARN  org.apache.solr.core.RequestHandlers  – Multiple requestHandler registered to the same name: /update ignoring: org.apache.solr.handler.UpdateRequestHandler
4665 [coreLoadExecutor-5-thread-1] INFO  org.apache.solr.core.RequestHandlers  – created /update: solr.UpdateRequestHandler
4666 [coreLoadExecutor-5-thread-1] INFO  org.apache.solr.core.RequestHandlers  – created /admin/: org.apache.solr.handler.admin.AdminHandlers
4668 [coreLoadExecutor-5-thread-1] INFO  org.apache.solr.core.RequestHandlers  – created /admin/ping: solr.PingRequestHandler
4673 [coreLoadExecutor-5-thread-1] INFO  org.apache.solr.core.RequestHandlers  – created search: solr.SearchHandler
4673 [coreLoadExecutor-5-thread-1] INFO  org.apache.solr.core.RequestHandlers  – created document: solr.SearchHandler
4674 [coreLoadExecutor-5-thread-1] INFO  org.apache.solr.core.RequestHandlers  – created advanced: solr.SearchHandler
4687 [coreLoadExecutor-5-thread-1] INFO  org.apache.solr.handler.loader.XMLLoader  – xsltCacheLifetimeSeconds=60
4689 [coreLoadExecutor-5-thread-1] INFO  org.apache.solr.handler.loader.XMLLoader  – xsltCacheLifetimeSeconds=60
4689 [coreLoadExecutor-5-thread-1] INFO  org.apache.solr.handler.loader.XMLLoader  – xsltCacheLifetimeSeconds=60
4690 [coreLoadExecutor-5-thread-1] INFO  org.apache.solr.handler.loader.XMLLoader  – xsltCacheLifetimeSeconds=60
4690 [coreLoadExecutor-5-thread-1] INFO  org.apache.solr.handler.loader.XMLLoader  – xsltCacheLifetimeSeconds=60
4696 [coreLoadExecutor-5-thread-1] INFO  org.apache.solr.core.SolrCore  – Hard AutoCommit: disabled
4696 [coreLoadExecutor-5-thread-1] INFO  org.apache.solr.core.SolrCore  – Soft AutoCommit: disabled
4735 [coreLoadExecutor-5-thread-1] INFO  org.apache.solr.core.SolrCore  – SolrDeletionPolicy.onInit: commits: num=1
	commit{dir=/Users/bvedula/workspace2/test_stash/jetty/solr/blacklight-core/data/index,segFN=segments_1,generation=1}
4735 [coreLoadExecutor-5-thread-1] INFO  org.apache.solr.core.SolrCore  – newest commit generation = 1
4742 [coreLoadExecutor-5-thread-1] INFO  org.apache.solr.search.SolrIndexSearcher  – Opening Searcher@27e09a83[blacklight-core] main
4748 [coreLoadExecutor-5-thread-1] INFO  org.apache.solr.rest.ManagedResourceStorage  – File-based storage initialized to use dir: /Users/bvedula/workspace2/test_stash/jetty/solr/blacklight-core/conf
4748 [coreLoadExecutor-5-thread-1] INFO  org.apache.solr.rest.RestManager  – Initializing RestManager with initArgs: {storageDir=/Users/bvedula/workspace2/test_stash/jetty/solr/blacklight-core/conf}
4756 [coreLoadExecutor-5-thread-1] INFO  org.apache.solr.rest.ManagedResourceStorage  – Reading _rest_managed.json using file:dir=/Users/bvedula/workspace2/test_stash/jetty/solr/blacklight-core/conf
4774 [coreLoadExecutor-5-thread-1] INFO  org.apache.solr.rest.ManagedResourceStorage  – Loaded LinkedHashMap at path _rest_managed.json using file:dir=/Users/bvedula/workspace2/test_stash/jetty/solr/blacklight-core/conf
4774 [coreLoadExecutor-5-thread-1] INFO  org.apache.solr.rest.ManagedResource  – Loaded initArgs {} for /rest/managed
4774 [coreLoadExecutor-5-thread-1] INFO  org.apache.solr.rest.RestManager  – Initializing 0 registered ManagedResources
4775 [coreLoadExecutor-5-thread-1] INFO  org.apache.solr.handler.component.SpellCheckComponent  – Initializing spell checkers
4788 [coreLoadExecutor-5-thread-1] INFO  org.apache.solr.handler.component.SpellCheckComponent  – Registering newSearcher listener for spellchecker: default
4793 [coreLoadExecutor-5-thread-1] INFO  org.apache.solr.handler.component.SpellCheckComponent  – Registering newSearcher listener for spellchecker: author
4798 [coreLoadExecutor-5-thread-1] INFO  org.apache.solr.handler.component.SpellCheckComponent  – Registering newSearcher listener for spellchecker: subject
4803 [coreLoadExecutor-5-thread-1] INFO  org.apache.solr.handler.component.SpellCheckComponent  – Registering newSearcher listener for spellchecker: title
4803 [coreLoadExecutor-5-thread-1] INFO  org.apache.solr.handler.component.SpellCheckComponent  – No queryConverter defined, using default converter
4819 [searcherExecutor-6-thread-1] INFO  org.apache.solr.core.SolrCore  – [blacklight-core] Registered new searcher Searcher@27e09a83[blacklight-core] main{StandardDirectoryReader(segments_1:1:nrt)}
4819 [coreLoadExecutor-5-thread-1] INFO  org.apache.solr.core.CoreContainer  – registering core: blacklight-core
4821 [main] INFO  org.apache.solr.servlet.SolrDispatchFilter  – user.dir=/Users/bvedula/workspace2/test_stash/jetty
4821 [main] INFO  org.apache.solr.servlet.SolrDispatchFilter  – SolrDispatchFilter.init() done
4870 [main] INFO  org.eclipse.jetty.server.AbstractConnector  – Started SocketConnector@0.0.0.0:8983
375834 [qtp361993357-18] INFO  /solr  – No JSP support.  Check that JSP jars are in lib/jsp and that the JSP option has been specified to start.jar
377045 [qtp361993357-11] INFO  org.apache.solr.update.processor.LogUpdateProcessor  – [blacklight-core] webapp=/solr path=/update params={wt=xml&version=2.2} {add=[00282214, 00282371, 00313831, 00314247, 43037890, 53029833, 77826928, 78908283, 79930185, 85910001, ... (30 adds)]} 0 484
377097 [qtp361993357-11] INFO  org.apache.solr.update.UpdateHandler  – start commit{,optimize=false,openSearcher=true,waitSearcher=true,expungeDeletes=false,softCommit=false,prepareCommit=false}
377212 [qtp361993357-11] INFO  org.apache.solr.core.SolrCore  – SolrDeletionPolicy.onCommit: commits: num=2
	commit{dir=/Users/bvedula/workspace2/test_stash/jetty/solr/blacklight-core/data/index,segFN=segments_1,generation=1}
	commit{dir=/Users/bvedula/workspace2/test_stash/jetty/solr/blacklight-core/data/index,segFN=segments_2,generation=2}
377213 [qtp361993357-11] INFO  org.apache.solr.core.SolrCore  – newest commit generation = 2
377235 [qtp361993357-11] INFO  org.apache.solr.search.SolrIndexSearcher  – Opening Searcher@3c424f21[blacklight-core] main
377237 [qtp361993357-11] INFO  org.apache.solr.update.UpdateHandler  – end_commit_flush
377238 [searcherExecutor-6-thread-1] INFO  org.apache.solr.handler.component.SpellCheckComponent  – Building spell index for spell checker: default
377397 [searcherExecutor-6-thread-1] INFO  org.apache.solr.handler.component.SpellCheckComponent  – Building spell index for spell checker: author
377452 [searcherExecutor-6-thread-1] INFO  org.apache.solr.handler.component.SpellCheckComponent  – Building spell index for spell checker: subject
377592 [searcherExecutor-6-thread-1] INFO  org.apache.solr.handler.component.SpellCheckComponent  – Building spell index for spell checker: title
377694 [searcherExecutor-6-thread-1] INFO  org.apache.solr.core.SolrCore  – [blacklight-core] Registered new searcher Searcher@3c424f21[blacklight-core] main{StandardDirectoryReader(segments_1:3:nrt _0(4.10.3):C30)}
377695 [qtp361993357-11] INFO  org.apache.solr.update.processor.LogUpdateProcessor  – [blacklight-core] webapp=/solr path=/update params={waitFlush=true&waitSearcher=true&commit=true&wt=xml&version=2.2} {commit=} 0 598
860411 [qtp361993357-14] INFO  org.apache.solr.core.SolrCore  – UnInverted multi-valued field {field=pub_date,memSize=4548,tindexSize=44,time=1,phase1=1,nTerms=22,bigTerms=1,termInstances=26,uses=0}
860438 [qtp361993357-14] INFO  org.apache.solr.core.SolrCore  – UnInverted multi-valued field {field=subject_topic_facet,memSize=4473,tindexSize=58,time=6,phase1=6,nTerms=45,bigTerms=0,termInstances=50,uses=0}
860440 [qtp361993357-14] INFO  org.apache.solr.core.SolrCore  – UnInverted multi-valued field {field=language_facet,memSize=4553,tindexSize=46,time=0,phase1=0,nTerms=12,bigTerms=1,termInstances=25,uses=0}
860442 [qtp361993357-14] INFO  org.apache.solr.core.SolrCore  – UnInverted multi-valued field {field=lc_1letter_facet,memSize=4949,tindexSize=76,time=0,phase1=0,nTerms=9,bigTerms=4,termInstances=8,uses=0}
860444 [qtp361993357-14] INFO  org.apache.solr.core.SolrCore  – UnInverted multi-valued field {field=subject_geo_facet,memSize=4465,tindexSize=57,time=0,phase1=0,nTerms=20,bigTerms=0,termInstances=23,uses=0}
860458 [qtp361993357-14] INFO  org.apache.solr.core.SolrCore  – UnInverted multi-valued field {field=subject_era_facet,memSize=4453,tindexSize=45,time=0,phase1=0,nTerms=6,bigTerms=0,termInstances=10,uses=0}
860469 [qtp361993357-14] INFO  org.apache.solr.core.SolrCore  – [blacklight-core] webapp=/solr path=/select params={facet.query=pub_date:[2010+TO+*]&facet.query=pub_date:[2005+TO+*]&facet.query=pub_date:[1990+TO+*]&f.subject_topic_facet.facet.limit=21&facet.field=format&facet.field={!ex%3Dpub_date_single}pub_date&facet.field=subject_topic_facet&facet.field=language_facet&facet.field=lc_1letter_facet&facet.field=subject_geo_facet&facet.field=subject_era_facet&qt=search&facet.pivot=format,language_facet&sort=score+desc,+pub_date_sort+desc,+title_sort+asc&rows=10&wt=ruby&facet=true&f.language_facet.facet.limit=11} hits=30 status=0 QTime=173 
1335942 [qtp361993357-18] INFO  org.apache.solr.core.SolrCore  – [blacklight-core] webapp=/solr path=/select params={facet.query=pub_date:[2010+TO+*]&facet.query=pub_date:[2005+TO+*]&facet.query=pub_date:[1990+TO+*]&f.subject_topic_facet.facet.limit=21&facet.field=format&facet.field={!ex%3Dpub_date_single}pub_date&facet.field=subject_topic_facet&facet.field=language_facet&facet.field=lc_1letter_facet&facet.field=subject_geo_facet&facet.field=subject_era_facet&qt=search&facet.pivot=format,language_facet&sort=score+desc,+pub_date_sort+desc,+title_sort+asc&rows=10&wt=ruby&facet=true&f.language_facet.facet.limit=11} hits=30 status=0 QTime=20 
1554164 [qtp361993357-19] INFO  org.apache.solr.core.SolrCore  – [blacklight-core] webapp=/solr path=/select params={facet.query=pub_date:[2010+TO+*]&facet.query=pub_date:[2005+TO+*]&facet.query=pub_date:[1990+TO+*]&f.subject_topic_facet.facet.limit=21&facet.field=format&facet.field={!ex%3Dpub_date_single}pub_date&facet.field=subject_topic_facet&facet.field=language_facet&facet.field=lc_1letter_facet&facet.field=subject_geo_facet&facet.field=subject_era_facet&qt=search&facet.pivot=format,language_facet&sort=score+desc,+pub_date_sort+desc,+title_sort+asc&rows=10&wt=ruby&facet=true&f.language_facet.facet.limit=11} hits=30 status=0 QTime=12 
1618819 [qtp361993357-13] INFO  org.apache.solr.core.SolrCore  – [blacklight-core] webapp=/solr path=/select params={qt=document&id=index&wt=ruby} hits=0 status=0 QTime=6 
1689697 [qtp361993357-18] INFO  org.apache.solr.core.SolrCore  – [blacklight-core] webapp=/solr path=/select params={qt=document&id=index&wt=ruby} hits=0 status=0 QTime=1 
2419449 [qtp361993357-14] INFO  org.apache.solr.core.SolrCore  – [blacklight-core] webapp=/solr path=/select params={facet.query=pub_date:[2010+TO+*]&facet.query=pub_date:[2005+TO+*]&facet.query=pub_date:[1990+TO+*]&f.subject_topic_facet.facet.limit=21&facet.field=format&facet.field={!ex%3Dpub_date_single}pub_date&facet.field=subject_topic_facet&facet.field=language_facet&facet.field=lc_1letter_facet&facet.field=subject_geo_facet&facet.field=subject_era_facet&qt=search&facet.pivot=format,language_facet&sort=score+desc,+pub_date_sort+desc,+title_sort+asc&rows=10&wt=ruby&facet=true&f.language_facet.facet.limit=11} hits=30 status=0 QTime=11 
2442203 [qtp361993357-19] INFO  org.apache.solr.core.SolrCore  – [blacklight-core] webapp=/solr path=/select params={facet.query=pub_date:[2010+TO+*]&facet.query=pub_date:[2005+TO+*]&facet.query=pub_date:[1990+TO+*]&f.subject_topic_facet.facet.limit=21&facet.field=format&facet.field={!ex%3Dpub_date_single}pub_date&facet.field=subject_topic_facet&facet.field=language_facet&facet.field=lc_1letter_facet&facet.field=subject_geo_facet&facet.field=subject_era_facet&qt=search&facet.pivot=format,language_facet&sort=score+desc,+pub_date_sort+desc,+title_sort+asc&rows=10&wt=ruby&facet=true&f.language_facet.facet.limit=11} hits=30 status=0 QTime=10 
2459319 [qtp361993357-20] INFO  org.apache.solr.core.SolrCore  – [blacklight-core] webapp=/solr path=/select params={facet.query=pub_date:[2010+TO+*]&facet.query=pub_date:[2005+TO+*]&facet.query=pub_date:[1990+TO+*]&q=Anna&f.subject_topic_facet.facet.limit=21&facet.field=format&facet.field={!ex%3Dpub_date_single}pub_date&facet.field=subject_topic_facet&facet.field=language_facet&facet.field=lc_1letter_facet&facet.field=subject_geo_facet&facet.field=subject_era_facet&qt=search&facet.pivot=format,language_facet&sort=score+desc,+pub_date_sort+desc,+title_sort+asc&rows=10&wt=ruby&facet=true&f.language_facet.facet.limit=11} hits=0 status=0 QTime=34 
2465346 [qtp361993357-16] INFO  org.apache.solr.core.SolrCore  – [blacklight-core] webapp=/solr path=/select params={facet.field=format&facet.field={!ex%3Dpub_date_single}pub_date&facet.field=subject_topic_facet&facet.field=language_facet&facet.field=lc_1letter_facet&facet.field=subject_geo_facet&facet.field=subject_era_facet&qt=search&spellcheck.dictionary=title&facet.pivot=format,language_facet&sort=score+desc,+pub_date_sort+desc,+title_sort+asc&rows=10&facet.query=pub_date:[2010+TO+*]&facet.query=pub_date:[2005+TO+*]&facet.query=pub_date:[1990+TO+*]&q={!qf%3D$title_qf+pf%3D$title_pf}Anna&f.subject_topic_facet.facet.limit=21&spellcheck.q=Anna&wt=ruby&facet=true&f.language_facet.facet.limit=11} hits=0 status=0 QTime=16 
2469183 [qtp361993357-18] INFO  org.apache.solr.core.SolrCore  – [blacklight-core] webapp=/solr path=/select params={facet.query=pub_date:[2010+TO+*]&facet.query=pub_date:[2005+TO+*]&facet.query=pub_date:[1990+TO+*]&q={!qf%3D$title_qf+pf%3D$title_pf}&f.subject_topic_facet.facet.limit=21&facet.field=format&facet.field={!ex%3Dpub_date_single}pub_date&facet.field=subject_topic_facet&facet.field=language_facet&facet.field=lc_1letter_facet&facet.field=subject_geo_facet&facet.field=subject_era_facet&qt=search&spellcheck.dictionary=title&facet.pivot=format,language_facet&sort=score+desc,+pub_date_sort+desc,+title_sort+asc&rows=10&wt=ruby&facet=true&f.language_facet.facet.limit=11} hits=30 status=0 QTime=16 
2487151 [qtp361993357-19] INFO  org.apache.solr.core.SolrCore  – [blacklight-core] webapp=/solr path=/select params={facet.field=format&facet.field={!ex%3Dpub_date_single}pub_date&facet.field=subject_topic_facet&facet.field=language_facet&facet.field=lc_1letter_facet&facet.field=subject_geo_facet&facet.field=subject_era_facet&qt=search&spellcheck.dictionary=title&facet.pivot=format,language_facet&sort=score+desc,+pub_date_sort+desc,+title_sort+asc&rows=10&facet.query=pub_date:[2010+TO+*]&facet.query=pub_date:[2005+TO+*]&facet.query=pub_date:[1990+TO+*]&q={!qf%3D$title_qf+pf%3D$title_pf}+Bod&f.subject_topic_facet.facet.limit=21&spellcheck.q=+Bod&wt=ruby&facet=true&f.language_facet.facet.limit=11} hits=2 status=0 QTime=18 
2660510 [qtp361993357-19] INFO  org.apache.solr.core.SolrCore  – [blacklight-core] webapp=/solr path=/select params={facet.query=pub_date:[2010+TO+*]&facet.query=pub_date:[2005+TO+*]&facet.query=pub_date:[1990+TO+*]&f.subject_topic_facet.facet.limit=21&facet.field=format&facet.field={!ex%3Dpub_date_single}pub_date&facet.field=subject_topic_facet&facet.field=language_facet&facet.field=lc_1letter_facet&facet.field=subject_geo_facet&facet.field=subject_era_facet&qt=search&facet.pivot=format,language_facet&sort=score+desc,+pub_date_sort+desc,+title_sort+asc&rows=10&wt=ruby&facet=true&f.language_facet.facet.limit=11} hits=30 status=0 QTime=7 
2879280 [qtp361993357-20] INFO  org.apache.solr.core.SolrCore  – [blacklight-core] webapp=/solr path=/select params={facet.query=pub_date:[2010+TO+*]&facet.query=pub_date:[2005+TO+*]&facet.query=pub_date:[1990+TO+*]&f.subject_topic_facet.facet.limit=21&facet.field=format&facet.field={!ex%3Dpub_date_single}pub_date&facet.field=subject_topic_facet&facet.field=language_facet&facet.field=lc_1letter_facet&facet.field=subject_geo_facet&facet.field=subject_era_facet&qt=search&facet.pivot=format,language_facet&sort=score+desc,+pub_date_sort+desc,+title_sort+asc&rows=10&wt=ruby&facet=true&f.language_facet.facet.limit=11} hits=30 status=0 QTime=31 
2913780 [qtp361993357-13] INFO  org.apache.solr.core.SolrCore  – [blacklight-core] webapp=/solr path=/select params={facet.query=pub_date:[2010+TO+*]&facet.query=pub_date:[2005+TO+*]&facet.query=pub_date:[1990+TO+*]&f.subject_topic_facet.facet.limit=21&facet.field=format&facet.field={!ex%3Dpub_date_single}pub_date&facet.field=subject_topic_facet&facet.field=language_facet&facet.field=lc_1letter_facet&facet.field=subject_geo_facet&facet.field=subject_era_facet&qt=search&facet.pivot=format,language_facet&sort=score+desc,+pub_date_sort+desc,+title_sort+asc&rows=10&wt=ruby&facet=true&f.language_facet.facet.limit=11} hits=30 status=0 QTime=8 
2930611 [qtp361993357-20] INFO  org.apache.solr.core.SolrCore  – [blacklight-core] webapp=/solr path=/select params={facet.query=pub_date:[2010+TO+*]&facet.query=pub_date:[2005+TO+*]&facet.query=pub_date:[1990+TO+*]&q=Bod&f.subject_topic_facet.facet.limit=21&facet.field=format&facet.field={!ex%3Dpub_date_single}pub_date&facet.field=subject_topic_facet&facet.field=language_facet&facet.field=lc_1letter_facet&facet.field=subject_geo_facet&facet.field=subject_era_facet&qt=search&facet.pivot=format,language_facet&sort=score+desc,+pub_date_sort+desc,+title_sort+asc&rows=10&wt=ruby&facet=true&f.language_facet.facet.limit=11} hits=3 status=0 QTime=16 
2976476 [qtp361993357-20] INFO  org.apache.solr.core.SolrCore  – [blacklight-core] webapp=/solr path=/select params={facet.query=pub_date:[2010+TO+*]&facet.query=pub_date:[2005+TO+*]&facet.query=pub_date:[1990+TO+*]&f.subject_topic_facet.facet.limit=21&facet.field=format&facet.field={!ex%3Dpub_date_single}pub_date&facet.field=subject_topic_facet&facet.field=language_facet&facet.field=lc_1letter_facet&facet.field=subject_geo_facet&facet.field=subject_era_facet&qt=search&facet.pivot=format,language_facet&sort=score+desc,+pub_date_sort+desc,+title_sort+asc&rows=10&wt=ruby&facet=true&f.language_facet.facet.limit=11} hits=30 status=0 QTime=6 
3256078 [qtp361993357-11] INFO  org.apache.solr.core.SolrCore  – [blacklight-core] webapp=/solr path=/select params={facet.query=pub_date:[2010+TO+*]&facet.query=pub_date:[2005+TO+*]&facet.query=pub_date:[1990+TO+*]&f.subject_topic_facet.facet.limit=21&facet.field=format&facet.field={!ex%3Dpub_date_single}pub_date&facet.field=subject_topic_facet&facet.field=language_facet&facet.field=lc_1letter_facet&facet.field=subject_geo_facet&facet.field=subject_era_facet&qt=search&facet.pivot=format,language_facet&sort=score+desc,+pub_date_sort+desc,+title_sort+asc&rows=10&wt=ruby&facet=true&f.language_facet.facet.limit=11} hits=30 status=0 QTime=60 
3325236 [qtp361993357-13] INFO  org.apache.solr.core.SolrCore  – [blacklight-core] webapp=/solr path=/select params={facet.query=pub_date:[2010+TO+*]&facet.query=pub_date:[2005+TO+*]&facet.query=pub_date:[1990+TO+*]&f.subject_topic_facet.facet.limit=21&facet.field=format&facet.field={!ex%3Dpub_date_single}pub_date&facet.field=subject_topic_facet&facet.field=language_facet&facet.field=lc_1letter_facet&facet.field=subject_geo_facet&facet.field=subject_era_facet&qt=search&facet.pivot=format,language_facet&sort=score+desc,+pub_date_sort+desc,+title_sort+asc&rows=10&wt=ruby&facet=true&f.language_facet.facet.limit=11} hits=30 status=0 QTime=32 
3649332 [qtp361993357-12] INFO  org.apache.solr.core.SolrCore  – [blacklight-core] webapp=/solr path=/select params={facet.query=pub_date:[2010+TO+*]&facet.query=pub_date:[2005+TO+*]&facet.query=pub_date:[1990+TO+*]&f.subject_topic_facet.facet.limit=21&facet.field=format&facet.field={!ex%3Dpub_date_single}pub_date&facet.field=subject_topic_facet&facet.field=language_facet&facet.field=lc_1letter_facet&facet.field=subject_geo_facet&facet.field=subject_era_facet&qt=search&facet.pivot=format,language_facet&sort=score+desc,+pub_date_sort+desc,+title_sort+asc&rows=10&wt=ruby&facet=true&f.language_facet.facet.limit=11} hits=30 status=0 QTime=39 
3731670 [qtp361993357-11] INFO  org.apache.solr.core.SolrCore  – [blacklight-core] webapp=/solr path=/select params={facet.query=pub_date:[2010+TO+*]&facet.query=pub_date:[2005+TO+*]&facet.query=pub_date:[1990+TO+*]&f.subject_topic_facet.facet.limit=21&facet.field=format&facet.field={!ex%3Dpub_date_single}pub_date&facet.field=subject_topic_facet&facet.field=language_facet&facet.field=lc_1letter_facet&facet.field=subject_geo_facet&facet.field=subject_era_facet&qt=search&facet.pivot=format,language_facet&sort=score+desc,+pub_date_sort+desc,+title_sort+asc&rows=10&wt=ruby&facet=true&f.language_facet.facet.limit=11} hits=30 status=0 QTime=32 
3801942 [qtp361993357-13] INFO  org.apache.solr.core.SolrCore  – [blacklight-core] webapp=/solr path=/select params={facet.query=pub_date:[2010+TO+*]&facet.query=pub_date:[2005+TO+*]&facet.query=pub_date:[1990+TO+*]&f.subject_topic_facet.facet.limit=21&facet.field=format&facet.field={!ex%3Dpub_date_single}pub_date&facet.field=subject_topic_facet&facet.field=language_facet&facet.field=lc_1letter_facet&facet.field=subject_geo_facet&facet.field=subject_era_facet&qt=search&facet.pivot=format,language_facet&sort=score+desc,+pub_date_sort+desc,+title_sort+asc&rows=10&wt=ruby&facet=true&f.language_facet.facet.limit=11} hits=30 status=0 QTime=34 
3815344 [qtp361993357-20] INFO  org.apache.solr.core.SolrCore  – [blacklight-core] webapp=/solr path=/select params={facet.query=pub_date:[2010+TO+*]&facet.query=pub_date:[2005+TO+*]&facet.query=pub_date:[1990+TO+*]&f.subject_topic_facet.facet.limit=21&facet.field=format&facet.field={!ex%3Dpub_date_single}pub_date&facet.field=subject_topic_facet&facet.field=language_facet&facet.field=lc_1letter_facet&facet.field=subject_geo_facet&facet.field=subject_era_facet&qt=search&facet.pivot=format,language_facet&sort=score+desc,+pub_date_sort+desc,+title_sort+asc&rows=10&wt=ruby&facet=true&f.language_facet.facet.limit=11} hits=30 status=0 QTime=34 
4689479 [qtp361993357-12] INFO  org.apache.solr.core.SolrCore  – [blacklight-core] webapp=/solr path=/select params={facet.query=pub_date:[2010+TO+*]&facet.query=pub_date:[2005+TO+*]&facet.query=pub_date:[1990+TO+*]&f.subject_topic_facet.facet.limit=21&facet.field=format&facet.field={!ex%3Dpub_date_single}pub_date&facet.field=subject_topic_facet&facet.field=language_facet&facet.field=lc_1letter_facet&facet.field=subject_geo_facet&facet.field=subject_era_facet&qt=search&facet.pivot=format,language_facet&sort=score+desc,+pub_date_sort+desc,+title_sort+asc&rows=10&wt=ruby&facet=true&f.language_facet.facet.limit=11} hits=30 status=0 QTime=8 
4747898 [qtp361993357-12] INFO  org.apache.solr.core.SolrCore  – [blacklight-core] webapp=/solr path=/select params={facet.query=pub_date:[2010+TO+*]&facet.query=pub_date:[2005+TO+*]&facet.query=pub_date:[1990+TO+*]&f.subject_topic_facet.facet.limit=21&facet.field=format&facet.field={!ex%3Dpub_date_single}pub_date&facet.field=subject_topic_facet&facet.field=language_facet&facet.field=lc_1letter_facet&facet.field=subject_geo_facet&facet.field=subject_era_facet&qt=search&facet.pivot=format,language_facet&sort=score+desc,+pub_date_sort+desc,+title_sort+asc&rows=10&wt=ruby&facet=true&f.language_facet.facet.limit=11} hits=30 status=0 QTime=25 
4784506 [qtp361993357-17] INFO  org.apache.solr.core.SolrCore  – [blacklight-core] webapp=/solr path=/select params={facet.query=pub_date:[2010+TO+*]&facet.query=pub_date:[2005+TO+*]&facet.query=pub_date:[1990+TO+*]&f.subject_topic_facet.facet.limit=21&facet.field=format&facet.field={!ex%3Dpub_date_single}pub_date&facet.field=subject_topic_facet&facet.field=language_facet&facet.field=lc_1letter_facet&facet.field=subject_geo_facet&facet.field=subject_era_facet&qt=search&facet.pivot=format,language_facet&sort=score+desc,+pub_date_sort+desc,+title_sort+asc&rows=10&wt=ruby&facet=true&f.language_facet.facet.limit=11} hits=30 status=0 QTime=9 
4789592 [qtp361993357-18] INFO  org.apache.solr.core.SolrCore  – [blacklight-core] webapp=/solr path=/select params={facet.query=pub_date:[2010+TO+*]&facet.query=pub_date:[2005+TO+*]&facet.query=pub_date:[1990+TO+*]&f.subject_topic_facet.facet.limit=21&facet.field=format&facet.field={!ex%3Dpub_date_single}pub_date&facet.field=subject_topic_facet&facet.field=language_facet&facet.field=lc_1letter_facet&facet.field=subject_geo_facet&facet.field=subject_era_facet&qt=search&facet.pivot=format,language_facet&sort=score+desc,+pub_date_sort+desc,+title_sort+asc&rows=10&wt=ruby&facet=true&f.language_facet.facet.limit=11} hits=30 status=0 QTime=7 
4805342 [qtp361993357-20] INFO  org.apache.solr.core.SolrCore  – [blacklight-core] webapp=/solr path=/select params={facet.query=pub_date:[2010+TO+*]&facet.query=pub_date:[2005+TO+*]&facet.query=pub_date:[1990+TO+*]&f.subject_topic_facet.facet.limit=21&facet.field=format&facet.field={!ex%3Dpub_date_single}pub_date&facet.field=subject_topic_facet&facet.field=language_facet&facet.field=lc_1letter_facet&facet.field=subject_geo_facet&facet.field=subject_era_facet&qt=search&facet.pivot=format,language_facet&sort=score+desc,+pub_date_sort+desc,+title_sort+asc&rows=10&wt=ruby&facet=true&f.language_facet.facet.limit=11} hits=30 status=0 QTime=8 
4840784 [qtp361993357-17] INFO  org.apache.solr.core.SolrCore  – [blacklight-core] webapp=/solr path=/select params={facet.query=pub_date:[2010+TO+*]&facet.query=pub_date:[2005+TO+*]&facet.query=pub_date:[1990+TO+*]&f.subject_topic_facet.facet.limit=21&facet.field=format&facet.field={!ex%3Dpub_date_single}pub_date&facet.field=subject_topic_facet&facet.field=language_facet&facet.field=lc_1letter_facet&facet.field=subject_geo_facet&facet.field=subject_era_facet&qt=search&facet.pivot=format,language_facet&sort=score+desc,+pub_date_sort+desc,+title_sort+asc&rows=10&wt=ruby&facet=true&f.language_facet.facet.limit=11} hits=30 status=0 QTime=19 
4876145 [qtp361993357-17] INFO  org.apache.solr.core.SolrCore  – [blacklight-core] webapp=/solr path=/select params={facet.query=pub_date:[2010+TO+*]&facet.query=pub_date:[2005+TO+*]&facet.query=pub_date:[1990+TO+*]&f.subject_topic_facet.facet.limit=21&facet.field=format&facet.field={!ex%3Dpub_date_single}pub_date&facet.field=subject_topic_facet&facet.field=language_facet&facet.field=lc_1letter_facet&facet.field=subject_geo_facet&facet.field=subject_era_facet&qt=search&facet.pivot=format,language_facet&sort=score+desc,+pub_date_sort+desc,+title_sort+asc&rows=10&wt=ruby&facet=true&f.language_facet.facet.limit=11} hits=30 status=0 QTime=7 
4894135 [qtp361993357-18] INFO  org.apache.solr.core.SolrCore  – [blacklight-core] webapp=/solr path=/select params={facet.query=pub_date:[2010+TO+*]&facet.query=pub_date:[2005+TO+*]&facet.query=pub_date:[1990+TO+*]&f.subject_topic_facet.facet.limit=21&facet.field=format&facet.field={!ex%3Dpub_date_single}pub_date&facet.field=subject_topic_facet&facet.field=language_facet&facet.field=lc_1letter_facet&facet.field=subject_geo_facet&facet.field=subject_era_facet&qt=search&facet.pivot=format,language_facet&sort=score+desc,+pub_date_sort+desc,+title_sort+asc&rows=10&wt=ruby&facet=true&f.language_facet.facet.limit=11} hits=30 status=0 QTime=5 
4911751 [qtp361993357-16] INFO  org.apache.solr.core.SolrCore  – [blacklight-core] webapp=/solr path=/select params={facet.query=pub_date:[2010+TO+*]&facet.query=pub_date:[2005+TO+*]&facet.query=pub_date:[1990+TO+*]&f.subject_topic_facet.facet.limit=21&facet.field=format&facet.field={!ex%3Dpub_date_single}pub_date&facet.field=subject_topic_facet&facet.field=language_facet&facet.field=lc_1letter_facet&facet.field=subject_geo_facet&facet.field=subject_era_facet&qt=search&facet.pivot=format,language_facet&sort=score+desc,+pub_date_sort+desc,+title_sort+asc&rows=10&wt=ruby&facet=true&f.language_facet.facet.limit=11} hits=30 status=0 QTime=8 
5549678 [qtp361993357-18] INFO  org.apache.solr.core.SolrCore  – [blacklight-core] webapp=/solr path=/select params={facet.query=pub_date:[2010+TO+*]&facet.query=pub_date:[2005+TO+*]&facet.query=pub_date:[1990+TO+*]&f.subject_topic_facet.facet.limit=21&facet.field=format&facet.field={!ex%3Dpub_date_single}pub_date&facet.field=subject_topic_facet&facet.field=language_facet&facet.field=lc_1letter_facet&facet.field=subject_geo_facet&facet.field=subject_era_facet&qt=search&facet.pivot=format,language_facet&sort=score+desc,+pub_date_sort+desc,+title_sort+asc&rows=10&wt=ruby&facet=true&f.language_facet.facet.limit=11} hits=30 status=0 QTime=26 
5603164 [qtp361993357-18] INFO  org.apache.solr.core.SolrCore  – [blacklight-core] webapp=/solr path=/select params={facet.query=pub_date:[2010+TO+*]&facet.query=pub_date:[2005+TO+*]&facet.query=pub_date:[1990+TO+*]&f.subject_topic_facet.facet.limit=21&facet.field=format&facet.field={!ex%3Dpub_date_single}pub_date&facet.field=subject_topic_facet&facet.field=language_facet&facet.field=lc_1letter_facet&facet.field=subject_geo_facet&facet.field=subject_era_facet&qt=search&facet.pivot=format,language_facet&sort=score+desc,+pub_date_sort+desc,+title_sort+asc&rows=10&wt=ruby&facet=true&f.language_facet.facet.limit=11} hits=30 status=0 QTime=7 
5646676 [qtp361993357-12] INFO  org.apache.solr.core.SolrCore  – [blacklight-core] webapp=/solr path=/select params={facet.query=pub_date:[2010+TO+*]&facet.query=pub_date:[2005+TO+*]&facet.query=pub_date:[1990+TO+*]&f.subject_topic_facet.facet.limit=21&facet.field=format&facet.field={!ex%3Dpub_date_single}pub_date&facet.field=subject_topic_facet&facet.field=language_facet&facet.field=lc_1letter_facet&facet.field=subject_geo_facet&facet.field=subject_era_facet&qt=search&facet.pivot=format,language_facet&sort=score+desc,+pub_date_sort+desc,+title_sort+asc&rows=10&wt=ruby&facet=true&f.language_facet.facet.limit=11} hits=30 status=0 QTime=5 
5682355 [qtp361993357-16] INFO  org.apache.solr.core.SolrCore  – [blacklight-core] webapp=/solr path=/select params={facet.query=pub_date:[2010+TO+*]&facet.query=pub_date:[2005+TO+*]&facet.query=pub_date:[1990+TO+*]&f.subject_topic_facet.facet.limit=21&facet.field=format&facet.field={!ex%3Dpub_date_single}pub_date&facet.field=subject_topic_facet&facet.field=language_facet&facet.field=lc_1letter_facet&facet.field=subject_geo_facet&facet.field=subject_era_facet&qt=search&facet.pivot=format,language_facet&sort=score+desc,+pub_date_sort+desc,+title_sort+asc&rows=10&wt=ruby&facet=true&f.language_facet.facet.limit=11} hits=30 status=0 QTime=7 
5694060 [qtp361993357-13] INFO  org.apache.solr.core.SolrCore  – [blacklight-core] webapp=/solr path=/select params={facet.query=pub_date:[2010+TO+*]&facet.query=pub_date:[2005+TO+*]&facet.query=pub_date:[1990+TO+*]&f.subject_topic_facet.facet.limit=21&facet.field=format&facet.field={!ex%3Dpub_date_single}pub_date&facet.field=subject_topic_facet&facet.field=language_facet&facet.field=lc_1letter_facet&facet.field=subject_geo_facet&facet.field=subject_era_facet&qt=search&facet.pivot=format,language_facet&sort=score+desc,+pub_date_sort+desc,+title_sort+asc&rows=10&wt=ruby&facet=true&f.language_facet.facet.limit=11} hits=30 status=0 QTime=15 
6369006 [qtp361993357-17] INFO  org.apache.solr.core.SolrCore  – [blacklight-core] webapp=/solr path=/select params={facet.query=pub_date:[2010+TO+*]&facet.query=pub_date:[2005+TO+*]&facet.query=pub_date:[1990+TO+*]&f.subject_topic_facet.facet.limit=21&facet.field=format&facet.field={!ex%3Dpub_date_single}pub_date&facet.field=subject_topic_facet&facet.field=language_facet&facet.field=lc_1letter_facet&facet.field=subject_geo_facet&facet.field=subject_era_facet&qt=search&facet.pivot=format,language_facet&sort=score+desc,+pub_date_sort+desc,+title_sort+asc&rows=10&wt=ruby&facet=true&f.language_facet.facet.limit=11} hits=30 status=0 QTime=5 
6400339 [qtp361993357-16] INFO  org.apache.solr.core.SolrCore  – [blacklight-core] webapp=/solr path=/select params={facet.query=pub_date:[2010+TO+*]&facet.query=pub_date:[2005+TO+*]&facet.query=pub_date:[1990+TO+*]&f.subject_topic_facet.facet.limit=21&facet.field=format&facet.field={!ex%3Dpub_date_single}pub_date&facet.field=subject_topic_facet&facet.field=language_facet&facet.field=lc_1letter_facet&facet.field=subject_geo_facet&facet.field=subject_era_facet&qt=search&facet.pivot=format,language_facet&sort=score+desc,+pub_date_sort+desc,+title_sort+asc&rows=10&wt=ruby&facet=true&f.language_facet.facet.limit=11} hits=30 status=0 QTime=4 
6452831 [qtp361993357-16] INFO  org.apache.solr.core.SolrCore  – [blacklight-core] webapp=/solr path=/select params={facet.query=pub_date:[2010+TO+*]&facet.query=pub_date:[2005+TO+*]&facet.query=pub_date:[1990+TO+*]&f.subject_topic_facet.facet.limit=21&facet.field=format&facet.field={!ex%3Dpub_date_single}pub_date&facet.field=subject_topic_facet&facet.field=language_facet&facet.field=lc_1letter_facet&facet.field=subject_geo_facet&facet.field=subject_era_facet&qt=search&facet.pivot=format,language_facet&sort=score+desc,+pub_date_sort+desc,+title_sort+asc&rows=10&wt=ruby&facet=true&f.language_facet.facet.limit=11} hits=30 status=0 QTime=7 
6489917 [qtp361993357-18] INFO  org.apache.solr.core.SolrCore  – [blacklight-core] webapp=/solr path=/select params={facet.query=pub_date:[2010+TO+*]&facet.query=pub_date:[2005+TO+*]&facet.query=pub_date:[1990+TO+*]&f.subject_topic_facet.facet.limit=21&facet.field=format&facet.field={!ex%3Dpub_date_single}pub_date&facet.field=subject_topic_facet&facet.field=language_facet&facet.field=lc_1letter_facet&facet.field=subject_geo_facet&facet.field=subject_era_facet&qt=search&facet.pivot=format,language_facet&sort=score+desc,+pub_date_sort+desc,+title_sort+asc&rows=10&wt=ruby&facet=true&f.language_facet.facet.limit=11} hits=30 status=0 QTime=4 
6506172 [qtp361993357-16] INFO  org.apache.solr.core.SolrCore  – [blacklight-core] webapp=/solr path=/select params={facet.query=pub_date:[2010+TO+*]&facet.query=pub_date:[2005+TO+*]&facet.query=pub_date:[1990+TO+*]&f.subject_topic_facet.facet.limit=21&facet.field=format&facet.field={!ex%3Dpub_date_single}pub_date&facet.field=subject_topic_facet&facet.field=language_facet&facet.field=lc_1letter_facet&facet.field=subject_geo_facet&facet.field=subject_era_facet&qt=search&facet.pivot=format,language_facet&sort=score+desc,+pub_date_sort+desc,+title_sort+asc&rows=10&wt=ruby&facet=true&f.language_facet.facet.limit=11} hits=30 status=0 QTime=5 
6513913 [qtp361993357-13] INFO  org.apache.solr.core.SolrCore  – [blacklight-core] webapp=/solr path=/select params={facet.query=pub_date:[2010+TO+*]&facet.query=pub_date:[2005+TO+*]&facet.query=pub_date:[1990+TO+*]&f.subject_topic_facet.facet.limit=21&facet.field=format&facet.field={!ex%3Dpub_date_single}pub_date&facet.field=subject_topic_facet&facet.field=language_facet&facet.field=lc_1letter_facet&facet.field=subject_geo_facet&facet.field=subject_era_facet&qt=search&facet.pivot=format,language_facet&sort=score+desc,+pub_date_sort+desc,+title_sort+asc&rows=10&wt=ruby&facet=true&f.language_facet.facet.limit=11} hits=30 status=0 QTime=9 
6530633 [qtp361993357-14] INFO  org.apache.solr.core.SolrCore  – [blacklight-core] webapp=/solr path=/select params={facet.query=pub_date:[2010+TO+*]&facet.query=pub_date:[2005+TO+*]&facet.query=pub_date:[1990+TO+*]&f.subject_topic_facet.facet.limit=21&facet.field=format&facet.field={!ex%3Dpub_date_single}pub_date&facet.field=subject_topic_facet&facet.field=language_facet&facet.field=lc_1letter_facet&facet.field=subject_geo_facet&facet.field=subject_era_facet&qt=search&facet.pivot=format,language_facet&sort=score+desc,+pub_date_sort+desc,+title_sort+asc&rows=10&wt=ruby&facet=true&f.language_facet.facet.limit=11} hits=30 status=0 QTime=4 
6549486 [qtp361993357-18] INFO  org.apache.solr.core.SolrCore  – [blacklight-core] webapp=/solr path=/select params={facet.query=pub_date:[2010+TO+*]&facet.query=pub_date:[2005+TO+*]&facet.query=pub_date:[1990+TO+*]&f.subject_topic_facet.facet.limit=21&facet.field=format&facet.field={!ex%3Dpub_date_single}pub_date&facet.field=subject_topic_facet&facet.field=language_facet&facet.field=lc_1letter_facet&facet.field=subject_geo_facet&facet.field=subject_era_facet&qt=search&facet.pivot=format,language_facet&sort=score+desc,+pub_date_sort+desc,+title_sort+asc&rows=10&wt=ruby&facet=true&f.language_facet.facet.limit=11} hits=30 status=0 QTime=6 
6556101 [qtp361993357-16] INFO  org.apache.solr.core.SolrCore  – [blacklight-core] webapp=/solr path=/select params={facet.query=pub_date:[2010+TO+*]&facet.query=pub_date:[2005+TO+*]&facet.query=pub_date:[1990+TO+*]&f.subject_topic_facet.facet.limit=21&facet.field=format&facet.field={!ex%3Dpub_date_single}pub_date&facet.field=subject_topic_facet&facet.field=language_facet&facet.field=lc_1letter_facet&facet.field=subject_geo_facet&facet.field=subject_era_facet&qt=search&facet.pivot=format,language_facet&sort=score+desc,+pub_date_sort+desc,+title_sort+asc&rows=10&wt=ruby&facet=true&f.language_facet.facet.limit=11} hits=30 status=0 QTime=6 
6561542 [qtp361993357-13] INFO  org.apache.solr.core.SolrCore  – [blacklight-core] webapp=/solr path=/select params={facet.query=pub_date:[2010+TO+*]&facet.query=pub_date:[2005+TO+*]&facet.query=pub_date:[1990+TO+*]&f.subject_topic_facet.facet.limit=21&facet.field=format&facet.field={!ex%3Dpub_date_single}pub_date&facet.field=subject_topic_facet&facet.field=language_facet&facet.field=lc_1letter_facet&facet.field=subject_geo_facet&facet.field=subject_era_facet&qt=search&facet.pivot=format,language_facet&sort=score+desc,+pub_date_sort+desc,+title_sort+asc&rows=10&wt=ruby&facet=true&f.language_facet.facet.limit=11} hits=30 status=0 QTime=6 
6579406 [qtp361993357-14] INFO  org.apache.solr.core.SolrCore  – [blacklight-core] webapp=/solr path=/select params={facet.query=pub_date:[2010+TO+*]&facet.query=pub_date:[2005+TO+*]&facet.query=pub_date:[1990+TO+*]&f.subject_topic_facet.facet.limit=21&facet.field=format&facet.field={!ex%3Dpub_date_single}pub_date&facet.field=subject_topic_facet&facet.field=language_facet&facet.field=lc_1letter_facet&facet.field=subject_geo_facet&facet.field=subject_era_facet&qt=search&facet.pivot=format,language_facet&sort=score+desc,+pub_date_sort+desc,+title_sort+asc&rows=10&wt=ruby&facet=true&f.language_facet.facet.limit=11} hits=30 status=0 QTime=6 
6590253 [qtp361993357-11] INFO  org.apache.solr.core.SolrCore  – [blacklight-core] webapp=/solr path=/select params={facet.query=pub_date:[2010+TO+*]&facet.query=pub_date:[2005+TO+*]&facet.query=pub_date:[1990+TO+*]&q=bod&f.subject_topic_facet.facet.limit=21&facet.field=format&facet.field={!ex%3Dpub_date_single}pub_date&facet.field=subject_topic_facet&facet.field=language_facet&facet.field=lc_1letter_facet&facet.field=subject_geo_facet&facet.field=subject_era_facet&qt=search&facet.pivot=format,language_facet&sort=score+desc,+pub_date_sort+desc,+title_sort+asc&rows=10&wt=ruby&facet=true&f.language_facet.facet.limit=11} hits=3 status=0 QTime=12 
6613971 [qtp361993357-16] INFO  org.apache.solr.core.SolrCore  – [blacklight-core] webapp=/solr path=/select params={facet.query=pub_date:[2010+TO+*]&facet.query=pub_date:[2005+TO+*]&facet.query=pub_date:[1990+TO+*]&q=bod&f.subject_topic_facet.facet.limit=21&facet.field=format&facet.field={!ex%3Dpub_date_single}pub_date&facet.field=subject_topic_facet&facet.field=language_facet&facet.field=lc_1letter_facet&facet.field=subject_geo_facet&facet.field=subject_era_facet&qt=search&facet.pivot=format,language_facet&sort=score+desc,+pub_date_sort+desc,+title_sort+asc&rows=10&wt=ruby&facet=true&f.language_facet.facet.limit=11} hits=3 status=0 QTime=10 
6869275 [qtp361993357-14] INFO  org.apache.solr.core.SolrCore  – [blacklight-core] webapp=/solr path=/select params={facet.query=pub_date:[2010+TO+*]&facet.query=pub_date:[2005+TO+*]&facet.query=pub_date:[1990+TO+*]&q=bod&f.subject_topic_facet.facet.limit=21&facet.field=format&facet.field={!ex%3Dpub_date_single}pub_date&facet.field=subject_topic_facet&facet.field=language_facet&facet.field=lc_1letter_facet&facet.field=subject_geo_facet&facet.field=subject_era_facet&qt=search&facet.pivot=format,language_facet&sort=score+desc,+pub_date_sort+desc,+title_sort+asc&rows=10&wt=ruby&facet=true&f.language_facet.facet.limit=11} hits=3 status=0 QTime=8 
6877919 [qtp361993357-11] INFO  org.apache.solr.core.SolrCore  – [blacklight-core] webapp=/solr path=/select params={facet.query=pub_date:[2010+TO+*]&facet.query=pub_date:[2005+TO+*]&facet.query=pub_date:[1990+TO+*]&q=bod&f.subject_topic_facet.facet.limit=21&facet.field=format&facet.field={!ex%3Dpub_date_single}pub_date&facet.field=subject_topic_facet&facet.field=language_facet&facet.field=lc_1letter_facet&facet.field=subject_geo_facet&facet.field=subject_era_facet&qt=search&facet.pivot=format,language_facet&sort=score+desc,+pub_date_sort+desc,+title_sort+asc&rows=10&wt=ruby&facet=true&f.language_facet.facet.limit=11} hits=3 status=0 QTime=9 
6884267 [qtp361993357-19] INFO  org.apache.solr.core.SolrCore  – [blacklight-core] webapp=/solr path=/select params={facet.query=pub_date:[2010+TO+*]&facet.query=pub_date:[2005+TO+*]&facet.query=pub_date:[1990+TO+*]&f.subject_topic_facet.facet.limit=21&facet.field=format&facet.field={!ex%3Dpub_date_single}pub_date&facet.field=subject_topic_facet&facet.field=language_facet&facet.field=lc_1letter_facet&facet.field=subject_geo_facet&facet.field=subject_era_facet&qt=search&facet.pivot=format,language_facet&sort=score+desc,+pub_date_sort+desc,+title_sort+asc&rows=10&wt=ruby&facet=true&f.language_facet.facet.limit=11} hits=30 status=0 QTime=4 
6888827 [qtp361993357-20] INFO  org.apache.solr.core.SolrCore  – [blacklight-core] webapp=/solr path=/select params={facet.query=pub_date:[2010+TO+*]&facet.query=pub_date:[2005+TO+*]&facet.query=pub_date:[1990+TO+*]&f.subject_topic_facet.facet.limit=21&facet.field=format&facet.field={!ex%3Dpub_date_single}pub_date&facet.field=subject_topic_facet&facet.field=language_facet&facet.field=lc_1letter_facet&facet.field=subject_geo_facet&facet.field=subject_era_facet&qt=search&facet.pivot=format,language_facet&sort=score+desc,+pub_date_sort+desc,+title_sort+asc&rows=10&wt=ruby&facet=true&f.language_facet.facet.limit=11} hits=30 status=0 QTime=5 
6943605 [qtp361993357-19] INFO  org.apache.solr.core.SolrCore  – [blacklight-core] webapp=/solr path=/select params={facet.query=pub_date:[2010+TO+*]&facet.query=pub_date:[2005+TO+*]&facet.query=pub_date:[1990+TO+*]&f.subject_topic_facet.facet.limit=21&facet.field=format&facet.field={!ex%3Dpub_date_single}pub_date&facet.field=subject_topic_facet&facet.field=language_facet&facet.field=lc_1letter_facet&facet.field=subject_geo_facet&facet.field=subject_era_facet&qt=search&facet.pivot=format,language_facet&sort=score+desc,+pub_date_sort+desc,+title_sort+asc&rows=10&wt=ruby&facet=true&f.language_facet.facet.limit=11} hits=30 status=0 QTime=6 
6978626 [qtp361993357-13] INFO  org.apache.solr.core.SolrCore  – [blacklight-core] webapp=/solr path=/select params={facet.query=pub_date:[2010+TO+*]&facet.query=pub_date:[2005+TO+*]&facet.query=pub_date:[1990+TO+*]&f.subject_topic_facet.facet.limit=21&facet.field=format&facet.field={!ex%3Dpub_date_single}pub_date&facet.field=subject_topic_facet&facet.field=language_facet&facet.field=lc_1letter_facet&facet.field=subject_geo_facet&facet.field=subject_era_facet&qt=search&facet.pivot=format,language_facet&sort=score+desc,+pub_date_sort+desc,+title_sort+asc&rows=10&wt=ruby&facet=true&f.language_facet.facet.limit=11} hits=30 status=0 QTime=4 
6996720 [qtp361993357-11] INFO  org.apache.solr.core.SolrCore  – [blacklight-core] webapp=/solr path=/select params={facet.query=pub_date:[2010+TO+*]&facet.query=pub_date:[2005+TO+*]&facet.query=pub_date:[1990+TO+*]&f.subject_topic_facet.facet.limit=21&facet.field=format&facet.field={!ex%3Dpub_date_single}pub_date&facet.field=subject_topic_facet&facet.field=language_facet&facet.field=lc_1letter_facet&facet.field=subject_geo_facet&facet.field=subject_era_facet&qt=search&facet.pivot=format,language_facet&sort=score+desc,+pub_date_sort+desc,+title_sort+asc&rows=10&wt=ruby&facet=true&f.language_facet.facet.limit=11} hits=30 status=0 QTime=3 
7011894 [qtp361993357-12] INFO  org.apache.solr.core.SolrCore  – [blacklight-core] webapp=/solr path=/select params={facet.query=pub_date:[2010+TO+*]&facet.query=pub_date:[2005+TO+*]&facet.query=pub_date:[1990+TO+*]&f.subject_topic_facet.facet.limit=21&facet.field=format&facet.field={!ex%3Dpub_date_single}pub_date&facet.field=subject_topic_facet&facet.field=language_facet&facet.field=lc_1letter_facet&facet.field=subject_geo_facet&facet.field=subject_era_facet&qt=search&facet.pivot=format,language_facet&sort=score+desc,+pub_date_sort+desc,+title_sort+asc&rows=10&wt=ruby&facet=true&f.language_facet.facet.limit=11} hits=30 status=0 QTime=5 
7014884 [qtp361993357-17] INFO  org.apache.solr.core.SolrCore  – [blacklight-core] webapp=/solr path=/select params={facet.query=pub_date:[2010+TO+*]&facet.query=pub_date:[2005+TO+*]&facet.query=pub_date:[1990+TO+*]&f.subject_topic_facet.facet.limit=21&facet.field=format&facet.field={!ex%3Dpub_date_single}pub_date&facet.field=subject_topic_facet&facet.field=language_facet&facet.field=lc_1letter_facet&facet.field=subject_geo_facet&facet.field=subject_era_facet&qt=search&facet.pivot=format,language_facet&sort=score+desc,+pub_date_sort+desc,+title_sort+asc&rows=10&wt=ruby&facet=true&f.language_facet.facet.limit=11} hits=30 status=0 QTime=5 
7196220 [qtp361993357-18] INFO  org.apache.solr.core.SolrCore  – [blacklight-core] webapp=/solr path=/select params={facet.query=pub_date:[2010+TO+*]&facet.query=pub_date:[2005+TO+*]&facet.query=pub_date:[1990+TO+*]&f.subject_topic_facet.facet.limit=21&facet.field=format&facet.field={!ex%3Dpub_date_single}pub_date&facet.field=subject_topic_facet&facet.field=language_facet&facet.field=lc_1letter_facet&facet.field=subject_geo_facet&facet.field=subject_era_facet&qt=search&facet.pivot=format,language_facet&sort=score+desc,+pub_date_sort+desc,+title_sort+asc&rows=10&wt=ruby&facet=true&f.language_facet.facet.limit=11} hits=30 status=0 QTime=3 
7205463 [qtp361993357-16] INFO  org.apache.solr.core.SolrCore  – [blacklight-core] webapp=/solr path=/select params={facet.query=pub_date:[2010+TO+*]&facet.query=pub_date:[2005+TO+*]&facet.query=pub_date:[1990+TO+*]&f.subject_topic_facet.facet.limit=21&facet.field=format&facet.field={!ex%3Dpub_date_single}pub_date&facet.field=subject_topic_facet&facet.field=language_facet&facet.field=lc_1letter_facet&facet.field=subject_geo_facet&facet.field=subject_era_facet&qt=search&facet.pivot=format,language_facet&sort=score+desc,+pub_date_sort+desc,+title_sort+asc&rows=10&wt=ruby&facet=true&f.language_facet.facet.limit=11} hits=30 status=0 QTime=3 
7225271 [qtp361993357-14] INFO  org.apache.solr.core.SolrCore  – [blacklight-core] webapp=/solr path=/select params={facet.query=pub_date:[2010+TO+*]&facet.query=pub_date:[2005+TO+*]&facet.query=pub_date:[1990+TO+*]&f.subject_topic_facet.facet.limit=21&facet.field=format&facet.field={!ex%3Dpub_date_single}pub_date&facet.field=subject_topic_facet&facet.field=language_facet&facet.field=lc_1letter_facet&facet.field=subject_geo_facet&facet.field=subject_era_facet&qt=search&facet.pivot=format,language_facet&sort=score+desc,+pub_date_sort+desc,+title_sort+asc&rows=10&wt=ruby&facet=true&f.language_facet.facet.limit=11} hits=30 status=0 QTime=6 
7234200 [qtp361993357-11] INFO  org.apache.solr.core.SolrCore  – [blacklight-core] webapp=/solr path=/select params={facet.query=pub_date:[2010+TO+*]&facet.query=pub_date:[2005+TO+*]&facet.query=pub_date:[1990+TO+*]&f.subject_topic_facet.facet.limit=21&facet.field=format&facet.field={!ex%3Dpub_date_single}pub_date&facet.field=subject_topic_facet&facet.field=language_facet&facet.field=lc_1letter_facet&facet.field=subject_geo_facet&facet.field=subject_era_facet&qt=search&facet.pivot=format,language_facet&sort=score+desc,+pub_date_sort+desc,+title_sort+asc&rows=10&wt=ruby&facet=true&f.language_facet.facet.limit=11} hits=30 status=0 QTime=5 
9726056 [qtp361993357-17] INFO  org.apache.solr.core.SolrCore  – [blacklight-core] webapp=/solr path=/select params={facet.query=pub_date:[2010+TO+*]&facet.query=pub_date:[2005+TO+*]&facet.query=pub_date:[1990+TO+*]&f.subject_topic_facet.facet.limit=21&facet.field=format&facet.field={!ex%3Dpub_date_single}pub_date&facet.field=subject_topic_facet&facet.field=language_facet&facet.field=lc_1letter_facet&facet.field=subject_geo_facet&facet.field=subject_era_facet&qt=search&facet.pivot=format,language_facet&sort=score+desc,+pub_date_sort+desc,+title_sort+asc&rows=10&wt=ruby&facet=true&f.language_facet.facet.limit=11} hits=30 status=0 QTime=17 
9759638 [qtp361993357-19] INFO  org.apache.solr.core.SolrCore  – [blacklight-core] webapp=/solr path=/select params={facet.query=pub_date:[2010+TO+*]&facet.query=pub_date:[2005+TO+*]&facet.query=pub_date:[1990+TO+*]&f.subject_topic_facet.facet.limit=21&facet.field=format&facet.field={!ex%3Dpub_date_single}pub_date&facet.field=subject_topic_facet&facet.field=language_facet&facet.field=lc_1letter_facet&facet.field=subject_geo_facet&facet.field=subject_era_facet&qt=search&facet.pivot=format,language_facet&sort=score+desc,+pub_date_sort+desc,+title_sort+asc&rows=10&wt=ruby&facet=true&f.language_facet.facet.limit=11} hits=30 status=0 QTime=5 
9913891 [qtp361993357-18] INFO  org.apache.solr.core.SolrCore  – [blacklight-core] webapp=/solr path=/select params={facet.query=pub_date:[2010+TO+*]&facet.query=pub_date:[2005+TO+*]&facet.query=pub_date:[1990+TO+*]&f.subject_topic_facet.facet.limit=21&facet.field=format&facet.field={!ex%3Dpub_date_single}pub_date&facet.field=subject_topic_facet&facet.field=language_facet&facet.field=lc_1letter_facet&facet.field=subject_geo_facet&facet.field=subject_era_facet&qt=search&facet.pivot=format,language_facet&sort=score+desc,+pub_date_sort+desc,+title_sort+asc&rows=10&wt=ruby&facet=true&f.language_facet.facet.limit=11} hits=30 status=0 QTime=6 
9922705 [qtp361993357-16] INFO  org.apache.solr.core.SolrCore  – [blacklight-core] webapp=/solr path=/select params={facet.query=pub_date:[2010+TO+*]&facet.query=pub_date:[2005+TO+*]&facet.query=pub_date:[1990+TO+*]&f.subject_topic_facet.facet.limit=21&facet.field=format&facet.field={!ex%3Dpub_date_single}pub_date&facet.field=subject_topic_facet&facet.field=language_facet&facet.field=lc_1letter_facet&facet.field=subject_geo_facet&facet.field=subject_era_facet&qt=search&facet.pivot=format,language_facet&sort=score+desc,+pub_date_sort+desc,+title_sort+asc&rows=10&wt=ruby&facet=true&f.language_facet.facet.limit=11} hits=30 status=0 QTime=3 
9947203 [qtp361993357-12] INFO  org.apache.solr.core.SolrCore  – [blacklight-core] webapp=/solr path=/select params={facet.query=pub_date:[2010+TO+*]&facet.query=pub_date:[2005+TO+*]&facet.query=pub_date:[1990+TO+*]&f.subject_topic_facet.facet.limit=21&facet.field=format&facet.field={!ex%3Dpub_date_single}pub_date&facet.field=subject_topic_facet&facet.field=language_facet&facet.field=lc_1letter_facet&facet.field=subject_geo_facet&facet.field=subject_era_facet&qt=search&facet.pivot=format,language_facet&sort=score+desc,+pub_date_sort+desc,+title_sort+asc&rows=10&wt=ruby&facet=true&f.language_facet.facet.limit=11} hits=30 status=0 QTime=22 
9955355 [qtp361993357-17] INFO  org.apache.solr.core.SolrCore  – [blacklight-core] webapp=/solr path=/select params={facet.query=pub_date:[2010+TO+*]&facet.query=pub_date:[2005+TO+*]&facet.query=pub_date:[1990+TO+*]&f.subject_topic_facet.facet.limit=21&facet.field=format&facet.field={!ex%3Dpub_date_single}pub_date&facet.field=subject_topic_facet&facet.field=language_facet&facet.field=lc_1letter_facet&facet.field=subject_geo_facet&facet.field=subject_era_facet&qt=search&facet.pivot=format,language_facet&sort=score+desc,+pub_date_sort+desc,+title_sort+asc&rows=10&wt=ruby&facet=true&f.language_facet.facet.limit=11} hits=30 status=0 QTime=4 
9966108 [qtp361993357-18] INFO  org.apache.solr.core.SolrCore  – [blacklight-core] webapp=/solr path=/select params={facet.query=pub_date:[2010+TO+*]&facet.query=pub_date:[2005+TO+*]&facet.query=pub_date:[1990+TO+*]&f.subject_topic_facet.facet.limit=21&facet.field=format&facet.field={!ex%3Dpub_date_single}pub_date&facet.field=subject_topic_facet&facet.field=language_facet&facet.field=lc_1letter_facet&facet.field=subject_geo_facet&facet.field=subject_era_facet&qt=search&facet.pivot=format,language_facet&sort=score+desc,+pub_date_sort+desc,+title_sort+asc&rows=10&wt=ruby&facet=true&f.language_facet.facet.limit=11} hits=30 status=0 QTime=4 
10266978 [qtp361993357-16] INFO  org.apache.solr.core.SolrCore  – [blacklight-core] webapp=/solr path=/select params={facet.query=pub_date:[2010+TO+*]&facet.query=pub_date:[2005+TO+*]&facet.query=pub_date:[1990+TO+*]&f.subject_topic_facet.facet.limit=21&facet.field=format&facet.field={!ex%3Dpub_date_single}pub_date&facet.field=subject_topic_facet&facet.field=language_facet&facet.field=lc_1letter_facet&facet.field=subject_geo_facet&facet.field=subject_era_facet&qt=search&facet.pivot=format,language_facet&sort=score+desc,+pub_date_sort+desc,+title_sort+asc&rows=10&wt=ruby&facet=true&f.language_facet.facet.limit=11} hits=30 status=0 QTime=7 
10274703 [qtp361993357-14] INFO  org.apache.solr.core.SolrCore  – [blacklight-core] webapp=/solr path=/select params={facet.query=pub_date:[2010+TO+*]&facet.query=pub_date:[2005+TO+*]&facet.query=pub_date:[1990+TO+*]&f.subject_topic_facet.facet.limit=21&facet.field=format&facet.field={!ex%3Dpub_date_single}pub_date&facet.field=subject_topic_facet&facet.field=language_facet&facet.field=lc_1letter_facet&facet.field=subject_geo_facet&facet.field=subject_era_facet&qt=search&facet.pivot=format,language_facet&sort=score+desc,+pub_date_sort+desc,+title_sort+asc&rows=10&wt=ruby&facet=true&f.language_facet.facet.limit=11} hits=30 status=0 QTime=3 
10880156 [qtp361993357-13] INFO  org.apache.solr.core.SolrCore  – [blacklight-core] webapp=/solr path=/select params={facet.query=pub_date:[2010+TO+*]&facet.query=pub_date:[2005+TO+*]&facet.query=pub_date:[1990+TO+*]&f.subject_topic_facet.facet.limit=21&facet.field=format&facet.field={!ex%3Dpub_date_single}pub_date&facet.field=subject_topic_facet&facet.field=language_facet&facet.field=lc_1letter_facet&facet.field=subject_geo_facet&facet.field=subject_era_facet&qt=search&facet.pivot=format,language_facet&sort=score+desc,+pub_date_sort+desc,+title_sort+asc&rows=10&wt=ruby&facet=true&f.language_facet.facet.limit=11} hits=30 status=0 QTime=5 
11178700 [qtp361993357-13] INFO  org.apache.solr.core.SolrCore  – [blacklight-core] webapp=/solr path=/select params={facet.query=pub_date:[2010+TO+*]&facet.query=pub_date:[2005+TO+*]&facet.query=pub_date:[1990+TO+*]&f.subject_topic_facet.facet.limit=21&facet.field=format&facet.field={!ex%3Dpub_date_single}pub_date&facet.field=subject_topic_facet&facet.field=language_facet&facet.field=lc_1letter_facet&facet.field=subject_geo_facet&facet.field=subject_era_facet&qt=search&facet.pivot=format,language_facet&sort=score+desc,+pub_date_sort+desc,+title_sort+asc&rows=10&wt=ruby&facet=true&f.language_facet.facet.limit=11} hits=30 status=0 QTime=2 
11195621 [qtp361993357-19] INFO  org.apache.solr.core.SolrCore  – [blacklight-core] webapp=/solr path=/select params={facet.query=pub_date:[2010+TO+*]&facet.query=pub_date:[2005+TO+*]&facet.query=pub_date:[1990+TO+*]&f.subject_topic_facet.facet.limit=21&facet.field=format&facet.field={!ex%3Dpub_date_single}pub_date&facet.field=subject_topic_facet&facet.field=language_facet&facet.field=lc_1letter_facet&facet.field=subject_geo_facet&facet.field=subject_era_facet&qt=search&facet.pivot=format,language_facet&sort=score+desc,+pub_date_sort+desc,+title_sort+asc&rows=10&wt=ruby&facet=true&f.language_facet.facet.limit=11} hits=30 status=0 QTime=2 
12364373 [qtp361993357-18] INFO  org.apache.solr.core.SolrCore  – [blacklight-core] webapp=/solr path=/select params={facet.query=pub_date:[2010+TO+*]&facet.query=pub_date:[2005+TO+*]&facet.query=pub_date:[1990+TO+*]&f.subject_topic_facet.facet.limit=21&facet.field=format&facet.field={!ex%3Dpub_date_single}pub_date&facet.field=subject_topic_facet&facet.field=language_facet&facet.field=lc_1letter_facet&facet.field=subject_geo_facet&facet.field=subject_era_facet&qt=search&facet.pivot=format,language_facet&sort=score+desc,+pub_date_sort+desc,+title_sort+asc&rows=10&wt=ruby&facet=true&f.language_facet.facet.limit=11} hits=30 status=0 QTime=4 
